<?xml version="1.0" encoding="UTF-8" ?>
<testsuite failures="1" time="0.922" errors="0" skipped="0" tests="1" name="ohtuesimerkki.MainTest">
  <properties>
[...]
</properties>
  <testcase time="0.922" classname="ohtuesimerkki.MainTest" name="testMain">
    <failure message="The test case is a prototype." type="java.lang.AssertionError">java.lang.AssertionError: The test case is a prototype.
	at org.junit.Assert.fail(Assert.java:93)
	at ohtuesimerkki.MainTest.testMain(MainTest.java:49)
	at sun.reflect.NativeMethodAccessorImpl.invoke0(Native Method)
	at sun.reflect.NativeMethodAccessorImpl.invoke(NativeMethodAccessorImpl.java:57)
	at sun.reflect.DelegatingMethodAccessorImpl.invoke(DelegatingMethodAccessorImpl.java:43)
	at java.lang.reflect.Method.invoke(Method.java:606)
	at org.junit.runners.model.FrameworkMethod$1.runReflectiveCall(FrameworkMethod.java:45)
	at org.junit.internal.runners.model.ReflectiveCallable.run(ReflectiveCallable.java:15)
	at org.junit.runners.model.FrameworkMethod.invokeExplosively(FrameworkMethod.java:42)
	at org.junit.internal.runners.statements.InvokeMethod.evaluate(InvokeMethod.java:20)
	at org.junit.internal.runners.statements.RunBefores.evaluate(RunBefores.java:28)
	at org.junit.internal.runners.statements.RunAfters.evaluate(RunAfters.java:30)
	at org.junit.runners.ParentRunner.runLeaf(ParentRunner.java:263)
	at org.junit.runners.BlockJUnit4ClassRunner.runChild(BlockJUnit4ClassRunner.java:68)
	at org.junit.runners.BlockJUnit4ClassRunner.runChild(BlockJUnit4ClassRunner.java:47)
	at org.junit.runners.ParentRunner$3.run(ParentRunner.java:231)
	at org.junit.runners.ParentRunner$1.schedule(ParentRunner.java:60)
	at org.junit.runners.ParentRunner.runChildren(ParentRunner.java:229)
	at org.junit.runners.ParentRunner.access$000(ParentRunner.java:50)
	at org.junit.runners.ParentRunner$2.evaluate(ParentRunner.java:222)
	at org.junit.internal.runners.statements.RunBefores.evaluate(RunBefores.java:28)
	at org.junit.internal.runners.statements.RunAfters.evaluate(RunAfters.java:30)
	at org.junit.runners.ParentRunner.run(ParentRunner.java:300)
	at org.apache.maven.surefire.junit4.JUnit4Provider.execute(JUnit4Provider.java:252)
	at org.apache.maven.surefire.junit4.JUnit4Provider.executeTestSet(JUnit4Provider.java:141)
	at org.apache.maven.surefire.junit4.JUnit4Provider.invoke(JUnit4Provider.java:112)
	at sun.reflect.NativeMethodAccessorImpl.invoke0(Native Method)
	at sun.reflect.NativeMethodAccessorImpl.invoke(NativeMethodAccessorImpl.java:57)
	at sun.reflect.DelegatingMethodAccessorImpl.invoke(DelegatingMethodAccessorImpl.java:43)
	at java.lang.reflect.Method.invoke(Method.java:606)
	at org.apache.maven.surefire.util.ReflectionUtils.invokeMethodWithArray(ReflectionUtils.java:189)
	at org.apache.maven.surefire.booter.ProviderFactory$ProviderProxy.invoke(ProviderFactory.java:165)
	at org.apache.maven.surefire.booter.ProviderFactory.invokeProvider(ProviderFactory.java:85)
	at org.apache.maven.surefire.booter.ForkedBooter.runSuitesInProcess(ForkedBooter.java:115)
	at org.apache.maven.surefire.booter.ForkedBooter.main(ForkedBooter.java:75)
</failure>
    <system-out>main
Philadelphia Flyers
Claude Giroux        PHI 28 + 58 = 86
Jakub Voracek        PHI 23 + 39 = 62
Wayne Simmonds       PHI 29 + 31 = 60
Scott Hartnell       PHI 20 + 32 = 52
Mark Streit          PHI 10 + 34 = 44
Brayden Schenn       PHI 20 + 21 = 41
Matt Read            PHI 22 + 18 = 40
Sean Couturier       PHI 13 + 26 = 39
Vincent Lecavalier   PHI 20 + 17 = 37
Kimmo Timonen        PHI  6 + 29 = 35
Michael Raffl        PHI  9 + 13 = 22
Braydon Coburn       PHI  5 + 12 = 17
Nicklas Grossmann    PHI  1 + 13 = 14
Luke Schenn          PHI  4 +  8 = 12
Erik Gustafsson      PHI  2 +  8 = 10
Adam Hall            PHI  4 +  5 = 9
Tye McGinn           PHI  3 +  0 = 3

Top scorers
Sidney Crosby        PIT 36 + 68 = 104
Ryan Getzlaf         ANA 31 + 56 = 87
Claude Giroux        PHI 28 + 58 = 86
Tyler Seguin         DAL 37 + 47 = 84
Corey Perry          ANA 43 + 39 = 82
Phil Kessel          TOR 37 + 43 = 80
Taylor Hall          EDM 27 + 53 = 80
Alex Ovechkin        WSH 51 + 28 = 79
Joe Pavelski         SJS 41 + 38 = 79
Jamie Benn           DAL 34 + 45 = 79
Nicklas Backstrom    WSH 18 + 61 = 79
</system-out>
  </testcase>
</testsuite>